***********************************************
Device Utilization for EP2C35F672C
***********************************************
Resource                Used    Avail   Utilization
-----------------------------------------------
IOs                     21      475       4.42%
LUTs                    115     33216     0.35%
Registers               73      33216     0.22%
Memory Bits             0       483340    0.00%
DSP block 9-bit elems   0       70        0.00%

-----------------------------------------------

***********************************************************************

Library: OPERATORS    Cell: modgen_counter_16_0    View: IMPLEMENTATION

***********************************************************************

  Cell                   Library  References     Total Area

 VCC                     cycloneii     1 x
 cycloneii_lcell_comb    cycloneii    16 x      1     16 LUTs
 cycloneii_lcell_ff      cycloneii    16 x      1     16 Registers

 Number of ports :                      40
 Number of nets :                       51
 Number of instances :                  33
 Number of references to this view :     1

Total accumulated area : 
 Number of LUTs :                       16
 Number of Registers :                  16
 Number of accumulated instances :      33

***********************************************************************

Library: OPERATORS    Cell: modgen_counter_12_0    View: IMPLEMENTATION

***********************************************************************

  Cell                   Library  References     Total Area

 VCC                     cycloneii     1 x
 cycloneii_lcell_comb    cycloneii    12 x      1     12 LUTs
 cycloneii_lcell_ff      cycloneii    12 x      1     12 Registers

 Number of ports :                      32
 Number of nets :                       39
 Number of instances :                  25
 Number of references to this view :     1

Total accumulated area : 
 Number of LUTs :                       12
 Number of Registers :                  12
 Number of accumulated instances :      25

***********************************************************************

Library: OPERATORS    Cell: modgen_counter_11_0    View: IMPLEMENTATION

***********************************************************************

  Cell                   Library  References     Total Area

 VCC                     cycloneii     1 x
 cycloneii_lcell_comb    cycloneii    11 x      1     11 LUTs
 cycloneii_lcell_ff      cycloneii    11 x      1     11 Registers

 Number of ports :                      30
 Number of nets :                       36
 Number of instances :                  23
 Number of references to this view :     1

Total accumulated area : 
 Number of LUTs :                       11
 Number of Registers :                  11
 Number of accumulated instances :      23

*****************************************************

Library: work    Cell: UARTS    View: RTL_unfold_1370

*****************************************************

  Cell                   Library  References     Total Area

 NOT                     cycloneii     1 x
 VCC                     cycloneii     1 x
 cycloneii_lcell_comb    cycloneii    60 x      1     60 LUTs
 cycloneii_lcell_ff      cycloneii    26 x      1     26 Registers
 modgen_counter_11_0     OPERATORS     1 x     11     11 LUTs
                                               11     11 Registers
 modgen_counter_12_0     OPERATORS     1 x     12     12 LUTs
                                               12     12 Registers

 Number of ports :                      29
 Number of nets :                      118
 Number of instances :                  90
 Number of references to this view :     1

Total accumulated area : 
 Number of LUTs :                       83
 Number of Registers :                  49
 Number of accumulated instances :     136

*********************************************

Library: work    Cell: top_lab3    View: main

*********************************************

  Cell                   Library  References     Total Area

 GND                     cycloneii     1 x
 NOT                     cycloneii     2 x
 UARTS                   work          1 x     49     49 Registers
                                               83     83 LUTs
 VCC                     cycloneii     1 x
 cycloneii_io            cycloneii    21 x      1     21 IOs
 cycloneii_lcell_comb    cycloneii    16 x      1     16 LUTs
 cycloneii_lcell_ff      cycloneii     8 x      1      8 Registers
 modgen_counter_16_0     OPERATORS     1 x     16     16 LUTs
                                               16     16 Registers

 Number of ports :                      21
 Number of nets :                       72
 Number of instances :                  51
 Number of references to this view :     0

Total accumulated area : 
 Number of IOs :                        21
 Number of LCs :                         0
 Number of LUTs :                      115
 Number of Registers :                  73
 Number of accumulated instances :     218
