Flow report for top_lab3
Wed Jun 10 12:19:52 2015
Quartus II Version 10.1 Build 197 01/19/2011 Service Pack 1 SJ Full Version


---------------------
; Table of Contents ;
---------------------
  1. Legal Notice
  2. Flow Summary
  3. Flow Settings
  4. Flow Non-Default Global Settings
  5. Flow Elapsed Time
  6. Flow OS Summary
  7. Flow Log



----------------
; Legal Notice ;
----------------
Copyright (C) 1991-2011 Altera Corporation
Your use of Altera Corporation's design tools, logic functions 
and other software and tools, and its AMPP partner logic 
functions, and any output files from any of the foregoing 
(including device programming or simulation files), and any 
associated documentation or information are expressly subject 
to the terms and conditions of the Altera Program License 
Subscription Agreement, Altera MegaCore Function License 
Agreement, or other applicable license agreement, including, 
without limitation, that your use is for the sole purpose of 
programming logic devices manufactured by Altera and sold by 
Altera or its authorized distributors.  Please refer to the 
applicable agreement for further details.



+-------------------------------------------------------------------------------------+
; Flow Summary                                                                        ;
+------------------------------------+------------------------------------------------+
; Flow Status                        ; Successful - Wed Jun 10 12:19:52 2015          ;
; Quartus II Version                 ; 10.1 Build 197 01/19/2011 SP 1 SJ Full Version ;
; Revision Name                      ; top_lab3                                       ;
; Top-level Entity Name              ; top_lab3                                       ;
; Family                             ; Cyclone II                                     ;
; Total logic elements               ; 119 / 33,216 ( < 1 % )                         ;
;     Total combinational functions  ; 117 / 33,216 ( < 1 % )                         ;
;     Dedicated logic registers      ; 73 / 33,216 ( < 1 % )                          ;
; Total registers                    ; 74                                             ;
; Total pins                         ; 21 / 475 ( 4 % )                               ;
; Total virtual pins                 ; 0                                              ;
; Total memory bits                  ; 0 / 483,840 ( 0 % )                            ;
; Embedded Multiplier 9-bit elements ; 0 / 70 ( 0 % )                                 ;
; Total PLLs                         ; 0 / 4 ( 0 % )                                  ;
; Device                             ; EP2C35F672C7                                   ;
; Timing Models                      ; Final                                          ;
+------------------------------------+------------------------------------------------+


+-----------------------------------------+
; Flow Settings                           ;
+-------------------+---------------------+
; Option            ; Setting             ;
+-------------------+---------------------+
; Start date & time ; 06/10/2015 12:19:17 ;
; Main task         ; Compilation         ;
; Revision Name     ; top_lab3            ;
+-------------------+---------------------+


+----------------------------------------------------------------------------------------------------+
; Flow Non-Default Global Settings                                                                   ;
+-----------------------+---------------------------------+---------------+-------------+------------+
; Assignment Name       ; Value                           ; Default Value ; Entity Name ; Section Id ;
+-----------------------+---------------------------------+---------------+-------------+------------+
; COMPILER_SIGNATURE_ID ; 220314655553954.143395315605812 ; --            ; --          ; --         ;
+-----------------------+---------------------------------+---------------+-------------+------------+


+--------------------------------------------------------------------------------------------------------------------------+
; Flow Elapsed Time                                                                                                        ;
+----------------------+--------------+-------------------------+---------------------+------------------------------------+
; Module Name          ; Elapsed Time ; Average Processors Used ; Peak Virtual Memory ; Total CPU Time (on all processors) ;
+----------------------+--------------+-------------------------+---------------------+------------------------------------+
; Analysis & Synthesis ; 00:00:05     ; 1.0                     ; 256 MB              ; 00:00:01                           ;
; Fitter               ; 00:00:08     ; 1.0                     ; 366 MB              ; 00:00:05                           ;
; Assembler            ; 00:00:06     ; 1.0                     ; 301 MB              ; 00:00:02                           ;
; EDA Netlist Writer   ; 00:00:03     ; 1.0                     ; 232 MB              ; 00:00:01                           ;
; EDA Netlist Writer   ; 00:00:03     ; 1.0                     ; 232 MB              ; 00:00:01                           ;
; Total                ; 00:00:25     ; --                      ; --                  ; 00:00:10                           ;
+----------------------+--------------+-------------------------+---------------------+------------------------------------+


+-----------------------------------------------------------------------------------+
; Flow OS Summary                                                                   ;
+----------------------+------------------+-----------+------------+----------------+
; Module Name          ; Machine Hostname ; OS Name   ; OS Version ; Processor type ;
+----------------------+------------------+-----------+------------+----------------+
; Analysis & Synthesis ; ece-rtos18       ; Windows 7 ; 6.1        ; x86_64         ;
; Fitter               ; ece-rtos18       ; Windows 7 ; 6.1        ; x86_64         ;
; Assembler            ; ece-rtos18       ; Windows 7 ; 6.1        ; x86_64         ;
; EDA Netlist Writer   ; ece-rtos18       ; Windows 7 ; 6.1        ; x86_64         ;
; EDA Netlist Writer   ; ece-rtos18       ; Windows 7 ; 6.1        ; x86_64         ;
+----------------------+------------------+-----------+------------+----------------+


------------
; Flow Log ;
------------
quartus_map top_lab3 --source=top_lab3_logic.edf --family=CycloneII
quartus_fit top_lab3 --effort=fast --part=EP2C35F672C7
quartus_asm top_lab3
quartus_eda top_lab3 --simulation=on --tool=modelsim --format=vhdl
quartus_eda top_lab3 --simulation=on --tool=modelsim --format=verilog



