----------------
; Command Info ;
----------------
Report Timing: Found 5 setup paths (5 violated).  Worst case slack is -2.115 

Tcl Command:
    report_timing -setup -npaths 5 -detail path_only -file {timing_chip_path.rpt} 

Options:
    -setup 
    -npaths 5 
    -detail path_only 
    -file {timing_chip_path.rpt} 


+------------------------------------------------------------+
; Summary of Paths                                           ;
+--------+-----------+----------+--------------+-------------+
; Slack  ; From Node ; To Node  ; Launch Clock ; Latch Clock ;
+--------+-----------+----------+--------------+-------------+
; -2.115 ; tap1_3_   ; tap2_3_  ; clk          ; clk         ;
; -2.001 ; tap1_10_  ; tap2_10_ ; clk          ; clk         ;
; -1.975 ; tap1_12_  ; tap2_12_ ; clk          ; clk         ;
; -1.677 ; tap1_4_   ; tap2_4_  ; clk          ; clk         ;
; -1.360 ; tap1_14_  ; tap2_14_ ; clk          ; clk         ;
+--------+-----------+----------+--------------+-------------+

Path #1: Setup slack is -2.115 (VIOLATED)
===============================================================================
+----------------------------------------+
; Path Summary                           ;
+--------------------+-------------------+
; Property           ; Value             ;
+--------------------+-------------------+
; From Node          ; tap1_3_           ;
; To Node            ; tap2_3_           ;
; Launch Clock       ; clk               ;
; Latch Clock        ; clk               ;
; Data Arrival Time  ; 6.052             ;
; Data Required Time ; 3.937             ;
; Slack              ; -2.115 (VIOLATED) ;
+--------------------+-------------------+

+--------------------------------------------------------------------------------------+
; Statistics                                                                           ;
+---------------------------+-------+-------+-------------+------------+-------+-------+
; Property                  ; Value ; Count ; Total Delay ; % of Total ; Min   ; Max   ;
+---------------------------+-------+-------+-------------+------------+-------+-------+
; Setup Relationship        ; 1.000 ;       ;             ;            ;       ;       ;
; Clock Skew                ; 0.202 ;       ;             ;            ;       ;       ;
; Data Delay                ; 3.355 ;       ;             ;            ;       ;       ;
; Number of Logic Levels    ;       ; 0     ;             ;            ;       ;       ;
; Physical Delays           ;       ;       ;             ;            ;       ;       ;
;  Arrival Path             ;       ;       ;             ;            ;       ;       ;
;   Clock                   ;       ;       ;             ;            ;       ;       ;
;    Clock Network (Lumped) ;       ; 1     ; 2.697       ; 100        ; 2.697 ; 2.697 ;
;   Data                    ;       ;       ;             ;            ;       ;       ;
;    IC                     ;       ; 1     ; 2.281       ; 67         ; 2.281 ; 2.281 ;
;    Cell                   ;       ; 2     ; 0.916       ; 27         ; 0.413 ; 0.503 ;
;    uTco                   ;       ; 1     ; 0.158       ; 4          ; 0.158 ; 0.158 ;
;  Required Path            ;       ;       ;             ;            ;       ;       ;
;   Clock                   ;       ;       ;             ;            ;       ;       ;
;    Clock Network (Lumped) ;       ; 1     ; 2.899       ; 100        ; 2.899 ; 2.899 ;
+---------------------------+-------+-------+-------------+------------+-------+-------+
Note: Negative delays are omitted from totals when calculating percentages

+------------------------------------------------------------------------------+
; Data Arrival Path                                                            ;
+-------+-------+----+------+--------+-----------------+-----------------------+
; Total ; Incr  ; RF ; Type ; Fanout ; Location        ; Element               ;
+-------+-------+----+------+--------+-----------------+-----------------------+
; 0.000 ; 0.000 ;    ;      ;        ;                 ; launch edge time      ;
; 2.697 ; 2.697 ; R  ;      ;        ;                 ; clock network delay   ;
; 2.855 ; 0.158 ;    ; uTco ; 1      ; IOC_X0_Y28_N0   ; tap1_3_               ;
; 3.358 ; 0.503 ; RR ; CELL ; 2      ; IOC_X0_Y28_N0   ; i_data_ibuf_3_|regout ;
; 5.639 ; 2.281 ; RR ; IC   ; 1      ; LCFF_X60_Y28_N5 ; reg_tap2_3_|sdata     ;
; 6.052 ; 0.413 ; RR ; CELL ; 1      ; LCFF_X60_Y28_N5 ; tap2_3_               ;
+-------+-------+----+------+--------+-----------------+-----------------------+

+----------------------------------------------------------------------------+
; Data Required Path                                                         ;
+-------+-------+----+------+--------+-----------------+---------------------+
; Total ; Incr  ; RF ; Type ; Fanout ; Location        ; Element             ;
+-------+-------+----+------+--------+-----------------+---------------------+
; 1.000 ; 1.000 ;    ;      ;        ;                 ; latch edge time     ;
; 3.899 ; 2.899 ; R  ;      ;        ;                 ; clock network delay ;
; 3.937 ; 0.038 ;    ; uTsu ; 1      ; LCFF_X60_Y28_N5 ; tap2_3_             ;
+-------+-------+----+------+--------+-----------------+---------------------+


Path #2: Setup slack is -2.001 (VIOLATED)
===============================================================================
+----------------------------------------+
; Path Summary                           ;
+--------------------+-------------------+
; Property           ; Value             ;
+--------------------+-------------------+
; From Node          ; tap1_10_          ;
; To Node            ; tap2_10_          ;
; Launch Clock       ; clk               ;
; Latch Clock        ; clk               ;
; Data Arrival Time  ; 5.938             ;
; Data Required Time ; 3.937             ;
; Slack              ; -2.001 (VIOLATED) ;
+--------------------+-------------------+

+--------------------------------------------------------------------------------------+
; Statistics                                                                           ;
+---------------------------+-------+-------+-------------+------------+-------+-------+
; Property                  ; Value ; Count ; Total Delay ; % of Total ; Min   ; Max   ;
+---------------------------+-------+-------+-------------+------------+-------+-------+
; Setup Relationship        ; 1.000 ;       ;             ;            ;       ;       ;
; Clock Skew                ; 0.010 ;       ;             ;            ;       ;       ;
; Data Delay                ; 3.049 ;       ;             ;            ;       ;       ;
; Number of Logic Levels    ;       ; 0     ;             ;            ;       ;       ;
; Physical Delays           ;       ;       ;             ;            ;       ;       ;
;  Arrival Path             ;       ;       ;             ;            ;       ;       ;
;   Clock                   ;       ;       ;             ;            ;       ;       ;
;    Clock Network (Lumped) ;       ; 1     ; 2.889       ; 100        ; 2.889 ; 2.889 ;
;   Data                    ;       ;       ;             ;            ;       ;       ;
;    IC                     ;       ; 1     ; 1.978       ; 64         ; 1.978 ; 1.978 ;
;    Cell                   ;       ; 2     ; 0.914       ; 29         ; 0.413 ; 0.501 ;
;    uTco                   ;       ; 1     ; 0.157       ; 5          ; 0.157 ; 0.157 ;
;  Required Path            ;       ;       ;             ;            ;       ;       ;
;   Clock                   ;       ;       ;             ;            ;       ;       ;
;    Clock Network (Lumped) ;       ; 1     ; 2.899       ; 100        ; 2.899 ; 2.899 ;
+---------------------------+-------+-------+-------------+------------+-------+-------+
Note: Negative delays are omitted from totals when calculating percentages

+--------------------------------------------------------------------------------+
; Data Arrival Path                                                              ;
+-------+-------+----+------+--------+------------------+------------------------+
; Total ; Incr  ; RF ; Type ; Fanout ; Location         ; Element                ;
+-------+-------+----+------+--------+------------------+------------------------+
; 0.000 ; 0.000 ;    ;      ;        ;                  ; launch edge time       ;
; 2.889 ; 2.889 ; R  ;      ;        ;                  ; clock network delay    ;
; 3.046 ; 0.157 ;    ; uTco ; 1      ; IOC_X59_Y0_N0    ; tap1_10_               ;
; 3.547 ; 0.501 ; RR ; CELL ; 2      ; IOC_X59_Y0_N0    ; i_data_ibuf_10_|regout ;
; 5.525 ; 1.978 ; RR ; IC   ; 1      ; LCFF_X60_Y28_N19 ; reg_tap2_10_|sdata     ;
; 5.938 ; 0.413 ; RR ; CELL ; 1      ; LCFF_X60_Y28_N19 ; tap2_10_               ;
+-------+-------+----+------+--------+------------------+------------------------+

+-----------------------------------------------------------------------------+
; Data Required Path                                                          ;
+-------+-------+----+------+--------+------------------+---------------------+
; Total ; Incr  ; RF ; Type ; Fanout ; Location         ; Element             ;
+-------+-------+----+------+--------+------------------+---------------------+
; 1.000 ; 1.000 ;    ;      ;        ;                  ; latch edge time     ;
; 3.899 ; 2.899 ; R  ;      ;        ;                  ; clock network delay ;
; 3.937 ; 0.038 ;    ; uTsu ; 1      ; LCFF_X60_Y28_N19 ; tap2_10_            ;
+-------+-------+----+------+--------+------------------+---------------------+


Path #3: Setup slack is -1.975 (VIOLATED)
===============================================================================
+----------------------------------------+
; Path Summary                           ;
+--------------------+-------------------+
; Property           ; Value             ;
+--------------------+-------------------+
; From Node          ; tap1_12_          ;
; To Node            ; tap2_12_          ;
; Launch Clock       ; clk               ;
; Latch Clock        ; clk               ;
; Data Arrival Time  ; 5.912             ;
; Data Required Time ; 3.937             ;
; Slack              ; -1.975 (VIOLATED) ;
+--------------------+-------------------+

+--------------------------------------------------------------------------------------+
; Statistics                                                                           ;
+---------------------------+-------+-------+-------------+------------+-------+-------+
; Property                  ; Value ; Count ; Total Delay ; % of Total ; Min   ; Max   ;
+---------------------------+-------+-------+-------------+------------+-------+-------+
; Setup Relationship        ; 1.000 ;       ;             ;            ;       ;       ;
; Clock Skew                ; 0.009 ;       ;             ;            ;       ;       ;
; Data Delay                ; 3.022 ;       ;             ;            ;       ;       ;
; Number of Logic Levels    ;       ; 0     ;             ;            ;       ;       ;
; Physical Delays           ;       ;       ;             ;            ;       ;       ;
;  Arrival Path             ;       ;       ;             ;            ;       ;       ;
;   Clock                   ;       ;       ;             ;            ;       ;       ;
;    Clock Network (Lumped) ;       ; 1     ; 2.890       ; 100        ; 2.890 ; 2.890 ;
;   Data                    ;       ;       ;             ;            ;       ;       ;
;    IC                     ;       ; 1     ; 1.951       ; 64         ; 1.951 ; 1.951 ;
;    Cell                   ;       ; 2     ; 0.914       ; 30         ; 0.413 ; 0.501 ;
;    uTco                   ;       ; 1     ; 0.157       ; 5          ; 0.157 ; 0.157 ;
;  Required Path            ;       ;       ;             ;            ;       ;       ;
;   Clock                   ;       ;       ;             ;            ;       ;       ;
;    Clock Network (Lumped) ;       ; 1     ; 2.899       ; 100        ; 2.899 ; 2.899 ;
+---------------------------+-------+-------+-------------+------------+-------+-------+
Note: Negative delays are omitted from totals when calculating percentages

+--------------------------------------------------------------------------------+
; Data Arrival Path                                                              ;
+-------+-------+----+------+--------+------------------+------------------------+
; Total ; Incr  ; RF ; Type ; Fanout ; Location         ; Element                ;
+-------+-------+----+------+--------+------------------+------------------------+
; 0.000 ; 0.000 ;    ;      ;        ;                  ; launch edge time       ;
; 2.890 ; 2.890 ; R  ;      ;        ;                  ; clock network delay    ;
; 3.047 ; 0.157 ;    ; uTco ; 1      ; IOC_X61_Y0_N1    ; tap1_12_               ;
; 3.548 ; 0.501 ; RR ; CELL ; 2      ; IOC_X61_Y0_N1    ; i_data_ibuf_12_|regout ;
; 5.499 ; 1.951 ; RR ; IC   ; 1      ; LCFF_X60_Y28_N23 ; reg_tap2_12_|sdata     ;
; 5.912 ; 0.413 ; RR ; CELL ; 1      ; LCFF_X60_Y28_N23 ; tap2_12_               ;
+-------+-------+----+------+--------+------------------+------------------------+

+-----------------------------------------------------------------------------+
; Data Required Path                                                          ;
+-------+-------+----+------+--------+------------------+---------------------+
; Total ; Incr  ; RF ; Type ; Fanout ; Location         ; Element             ;
+-------+-------+----+------+--------+------------------+---------------------+
; 1.000 ; 1.000 ;    ;      ;        ;                  ; latch edge time     ;
; 3.899 ; 2.899 ; R  ;      ;        ;                  ; clock network delay ;
; 3.937 ; 0.038 ;    ; uTsu ; 1      ; LCFF_X60_Y28_N23 ; tap2_12_            ;
+-------+-------+----+------+--------+------------------+---------------------+


Path #4: Setup slack is -1.677 (VIOLATED)
===============================================================================
+----------------------------------------+
; Path Summary                           ;
+--------------------+-------------------+
; Property           ; Value             ;
+--------------------+-------------------+
; From Node          ; tap1_4_           ;
; To Node            ; tap2_4_           ;
; Launch Clock       ; clk               ;
; Latch Clock        ; clk               ;
; Data Arrival Time  ; 5.614             ;
; Data Required Time ; 3.937             ;
; Slack              ; -1.677 (VIOLATED) ;
+--------------------+-------------------+

+--------------------------------------------------------------------------------------+
; Statistics                                                                           ;
+---------------------------+-------+-------+-------------+------------+-------+-------+
; Property                  ; Value ; Count ; Total Delay ; % of Total ; Min   ; Max   ;
+---------------------------+-------+-------+-------------+------------+-------+-------+
; Setup Relationship        ; 1.000 ;       ;             ;            ;       ;       ;
; Clock Skew                ; 0.044 ;       ;             ;            ;       ;       ;
; Data Delay                ; 2.759 ;       ;             ;            ;       ;       ;
; Number of Logic Levels    ;       ; 0     ;             ;            ;       ;       ;
; Physical Delays           ;       ;       ;             ;            ;       ;       ;
;  Arrival Path             ;       ;       ;             ;            ;       ;       ;
;   Clock                   ;       ;       ;             ;            ;       ;       ;
;    Clock Network (Lumped) ;       ; 1     ; 2.855       ; 100        ; 2.855 ; 2.855 ;
;   Data                    ;       ;       ;             ;            ;       ;       ;
;    IC                     ;       ; 1     ; 1.688       ; 61         ; 1.688 ; 1.688 ;
;    Cell                   ;       ; 2     ; 0.914       ; 33         ; 0.413 ; 0.501 ;
;    uTco                   ;       ; 1     ; 0.157       ; 5          ; 0.157 ; 0.157 ;
;  Required Path            ;       ;       ;             ;            ;       ;       ;
;   Clock                   ;       ;       ;             ;            ;       ;       ;
;    Clock Network (Lumped) ;       ; 1     ; 2.899       ; 100        ; 2.899 ; 2.899 ;
+---------------------------+-------+-------+-------------+------------+-------+-------+
Note: Negative delays are omitted from totals when calculating percentages

+------------------------------------------------------------------------------+
; Data Arrival Path                                                            ;
+-------+-------+----+------+--------+-----------------+-----------------------+
; Total ; Incr  ; RF ; Type ; Fanout ; Location        ; Element               ;
+-------+-------+----+------+--------+-----------------+-----------------------+
; 0.000 ; 0.000 ;    ;      ;        ;                 ; launch edge time      ;
; 2.855 ; 2.855 ; R  ;      ;        ;                 ; clock network delay   ;
; 3.012 ; 0.157 ;    ; uTco ; 1      ; IOC_X48_Y36_N2  ; tap1_4_               ;
; 3.513 ; 0.501 ; RR ; CELL ; 2      ; IOC_X48_Y36_N2  ; i_data_ibuf_4_|regout ;
; 5.201 ; 1.688 ; RR ; IC   ; 1      ; LCFF_X60_Y28_N7 ; reg_tap2_4_|sdata     ;
; 5.614 ; 0.413 ; RR ; CELL ; 1      ; LCFF_X60_Y28_N7 ; tap2_4_               ;
+-------+-------+----+------+--------+-----------------+-----------------------+

+----------------------------------------------------------------------------+
; Data Required Path                                                         ;
+-------+-------+----+------+--------+-----------------+---------------------+
; Total ; Incr  ; RF ; Type ; Fanout ; Location        ; Element             ;
+-------+-------+----+------+--------+-----------------+---------------------+
; 1.000 ; 1.000 ;    ;      ;        ;                 ; latch edge time     ;
; 3.899 ; 2.899 ; R  ;      ;        ;                 ; clock network delay ;
; 3.937 ; 0.038 ;    ; uTsu ; 1      ; LCFF_X60_Y28_N7 ; tap2_4_             ;
+-------+-------+----+------+--------+-----------------+---------------------+


Path #5: Setup slack is -1.360 (VIOLATED)
===============================================================================
+----------------------------------------+
; Path Summary                           ;
+--------------------+-------------------+
; Property           ; Value             ;
+--------------------+-------------------+
; From Node          ; tap1_14_          ;
; To Node            ; tap2_14_          ;
; Launch Clock       ; clk               ;
; Latch Clock        ; clk               ;
; Data Arrival Time  ; 5.297             ;
; Data Required Time ; 3.937             ;
; Slack              ; -1.360 (VIOLATED) ;
+--------------------+-------------------+

+--------------------------------------------------------------------------------------+
; Statistics                                                                           ;
+---------------------------+-------+-------+-------------+------------+-------+-------+
; Property                  ; Value ; Count ; Total Delay ; % of Total ; Min   ; Max   ;
+---------------------------+-------+-------+-------------+------------+-------+-------+
; Setup Relationship        ; 1.000 ;       ;             ;            ;       ;       ;
; Clock Skew                ; 0.162 ;       ;             ;            ;       ;       ;
; Data Delay                ; 2.560 ;       ;             ;            ;       ;       ;
; Number of Logic Levels    ;       ; 0     ;             ;            ;       ;       ;
; Physical Delays           ;       ;       ;             ;            ;       ;       ;
;  Arrival Path             ;       ;       ;             ;            ;       ;       ;
;   Clock                   ;       ;       ;             ;            ;       ;       ;
;    Clock Network (Lumped) ;       ; 1     ; 2.737       ; 100        ; 2.737 ; 2.737 ;
;   Data                    ;       ;       ;             ;            ;       ;       ;
;    IC                     ;       ; 1     ; 1.486       ; 58         ; 1.486 ; 1.486 ;
;    Cell                   ;       ; 2     ; 0.916       ; 35         ; 0.413 ; 0.503 ;
;    uTco                   ;       ; 1     ; 0.158       ; 6          ; 0.158 ; 0.158 ;
;  Required Path            ;       ;       ;             ;            ;       ;       ;
;   Clock                   ;       ;       ;             ;            ;       ;       ;
;    Clock Network (Lumped) ;       ; 1     ; 2.899       ; 100        ; 2.899 ; 2.899 ;
+---------------------------+-------+-------+-------------+------------+-------+-------+
Note: Negative delays are omitted from totals when calculating percentages

+--------------------------------------------------------------------------------+
; Data Arrival Path                                                              ;
+-------+-------+----+------+--------+------------------+------------------------+
; Total ; Incr  ; RF ; Type ; Fanout ; Location         ; Element                ;
+-------+-------+----+------+--------+------------------+------------------------+
; 0.000 ; 0.000 ;    ;      ;        ;                  ; launch edge time       ;
; 2.737 ; 2.737 ; R  ;      ;        ;                  ; clock network delay    ;
; 2.895 ; 0.158 ;    ; uTco ; 1      ; IOC_X65_Y33_N1   ; tap1_14_               ;
; 3.398 ; 0.503 ; RR ; CELL ; 2      ; IOC_X65_Y33_N1   ; i_data_ibuf_14_|regout ;
; 4.884 ; 1.486 ; RR ; IC   ; 1      ; LCFF_X60_Y28_N27 ; reg_tap2_14_|sdata     ;
; 5.297 ; 0.413 ; RR ; CELL ; 1      ; LCFF_X60_Y28_N27 ; tap2_14_               ;
+-------+-------+----+------+--------+------------------+------------------------+

+-----------------------------------------------------------------------------+
; Data Required Path                                                          ;
+-------+-------+----+------+--------+------------------+---------------------+
; Total ; Incr  ; RF ; Type ; Fanout ; Location         ; Element             ;
+-------+-------+----+------+--------+------------------+---------------------+
; 1.000 ; 1.000 ;    ;      ;        ;                  ; latch edge time     ;
; 3.899 ; 2.899 ; R  ;      ;        ;                  ; clock network delay ;
; 3.937 ; 0.038 ;    ; uTsu ; 1      ; LCFF_X60_Y28_N27 ; tap2_14_            ;
+-------+-------+----+------+--------+------------------+---------------------+


