# Info: [9566]: Logging session transcript to file /home/y22lai/ECE327/lab2/precision.log
//  Precision RTL Synthesis 2008a.47 (Production Release) Tue Dec  9 03:06:25 PST 2008
//  
//  Copyright (c) Mentor Graphics Corporation, 1996-2008, All Rights Reserved.
//             Portions copyright 1991-2004 Compuware Corporation
//                       UNPUBLISHED, LICENSED SOFTWARE.
//            CONFIDENTIAL AND PROPRIETARY INFORMATION WHICH IS THE
//          PROPERTY OF MENTOR GRAPHICS CORPORATION OR ITS LICENSORS
//  
//  Running on Linux y22lai@ecelinux5.uwaterloo.ca #1 SMP Tue Apr 7 12:42:54 EDT 2015 2.6.18-404.el5 x86_64
//  
//  Start time Sun May 31 16:56:12 2015
# -------------------------------------------------
# Info: [9566]: Logging session transcript to file /home/y22lai/ECE327/lab2/precision.log
# Info: [9575]: Results directory: /home/y22lai/ECE327/lab2/uw_tmp/
# Info: [9569]: Moving session transcript to file /home/y22lai/ECE327/lab2/uw_tmp/precision.log
# Info: [15291]:  Setting up the design to use synthesis library "cycloneii.syn"
# Info: [566]: The global max fanout is currently set to 1000 for Altera - Cyclone II.
# Info:  Setting Part to: "EP2C35F672C"
# Info:  Setting Process to: "7"
# Info: USING DESIGN ARCH
# Info: [3021]: Reading file: /opt/Precision_Synthesis_2008a.47/Mgc_home/pkgs/psr/techlibs/cycloneii.syn.
# Info: [618]: Loading library initialization file /opt/Precision_Synthesis_2008a.47/Mgc_home/pkgs/psr/userware/yeager_rename.tcl
# Info: [40000]: vhdlorder, Release 2008a.22
# Info: [40000]: Files sorted successfully.
# Info: [40000]: hdl-analyze, Release RTLC-Precision 2008a.22
# Info: [42502]: Analyzing input file "/home/y22lai/ECE327/lab2/fir_synth_pkg.vhd" ...
# Info: [42502]: Analyzing input file "/home/y22lai/ECE327/lab2/fir.vhd" ...
# Info: [641]: Current working directory: /home/y22lai/ECE327/lab2/uw_tmp/.
# Info: [40000]: RTLC-Driver, Release RTLC-Precision 2008a.22
# Info: [40000]: Last compiled on Nov 27 2008 12:40:04
# Info: [44512]: Initializing...
# Info: [44504]: Partitioning design ....
# Info: [40000]: RTLCompiler, Release RTLC-Precision 2008a.22
# Info: [40000]: Last compiled on Nov 27 2008 12:46:53
# Info: [44512]: Initializing...
# Info: [44522]: Root Module work.fir(avg): Pre-processing...
# Info: [44523]: Root Module work.fir(avg): Compiling...
# Warning: [45732]: "/home/y22lai/ECE327/lab2/fir.vhd", line 14: Net i_data[1:0] is unused after optimization
# Info: [44842]: Compilation successfully completed.
# Info: [44835]: Total CPU time taken for compilation: 0.0 secs.
# Info: [44856]: Total lines of RTL compiled: 50.
# Info: [44513]: Overall running time 0.0 secs.
# Info: [641]: Current working directory: /home/y22lai/ECE327/lab2/uw_tmp/.
# Info: [644]: Finished compiling design.
# Info: -- Saving the design database in uw_tmp/fir_gate.xdb
# Info: [3026]: Writing file: uw_tmp/fir_gate.vhd.
# Info: Info, Command 'auto_write' finished successfully
# Info: [641]: Current working directory: /home/y22lai/ECE327/lab2/uw_tmp/.
# Info: [15002]: Optimizing design view:.work.fir.avg
# Info: -- Quick flow done
# Info: -- Saving the design database in /home/y22lai/ECE327/lab2/uw_tmp/fir.xdb
# Info: [3026]: Writing file: /home/y22lai/ECE327/lab2/uw_tmp/fir.edf.
# Info: Info, Writing xrf file '/home/y22lai/ECE327/lab2/uw_tmp/fir.xrf'
# Info: [3026]: Writing file: /home/y22lai/ECE327/lab2/uw_tmp/fir.xrf.
# Info: -- Writing file /home/y22lai/ECE327/lab2/uw_tmp/fir.tcl
# Info: exq_pr_compile_project gen_vcf fir 1
# Info: [644]: Finished synthesizing design.
# Info: [11019]: Total CPU time taken for synthesis: 0.6 secs.
# Info: [11020]: Overall running time 0.7 secs.
# Info: /home/y22lai/ECE327/lab2/uw_tmp/precision_tech.sdc
# Info: -- Saving the design database in uw_tmp/fir_logic.xdb
# Info: [3026]: Writing file: uw_tmp/fir_logic.vhd.
# Info: Info, Writing xrf file 'uw_tmp/fir_logic.xrf'
# Info: [3026]: Writing file: uw_tmp/fir_logic.xrf.
# Info: Info, Command 'auto_write' finished successfully
# Info: clk
# Info: -- Saving the design database in uw_tmp/fir_logic.xdb
# Info: [3026]: Writing file: uw_tmp/fir_logic.v.
# Info: Warning, Moving uw_tmp/fir_logic.xrf to uw_tmp/mgc_old_fir_logic.xrf as uw_tmp/fir_logic.xrf exists
# Info: [3026]: Writing file: uw_tmp/fir_logic.xrf.
# Info: Info, Command 'auto_write' finished successfully
# Info: *** logic synthesis succeeded ***
